
!!! Inicio dos testes
!!!      Construto sob teste: Trab1Modular
!!!      Script de teste:     ForcaErros.script

!!!    0  Linha:     1  // Script:    ForcaErros.script 
!!!    0  Linha:     2  // Autor:     Caio Melo, Mark Ribeiro, Guilheme Bizzo 
!!!    0  Linha:     3  // Data:      28/03/2019 
!!!    0  Linha:     4  // Propósito: Forçar erros propositalmente. 
    6  == Ir para no direita
>>>    1  Linha:     7  Retorno errado ao ir para direita. Deveria ser: 0  É: 4
    9  == Criar arvore
   12  == Ir para no direita
>>>    2  Linha:    13  Retorno errado ao ir para direita. Deveria ser: 0  É: 5
   15  == Inserir a direita
   18  == Ir para no esquerda
>>>    3  Linha:    19  Retorno errado ao ir para esquerda. Deveria ser: 0  É: 7
   21  ==Ir para o pai
>>>    4  Linha:    22  Retorno errado ao ir para pai. Deveria ser: 0  É: 6
   24  == Inserir a esquerda
   27  == Inserir a direita
   30  == Inserir a direita
   33  == Obtem no atual
   36  == Ir para no pai e obter no pai
>>>    5  Linha:    38  Conteúdo do nó está errado. Deveria ser: 'b'  É: 'c'
   40  == Destroi a arvore

!!! Número de linhas lidas:          41
!!! Número de casos de teste:        12
!!! Número comandos corretos:         8
!!! Número de falhas encontradas:     5

!!! Foram encontrados problemas


!!! Numero de espacos ainda alocados: 0
