C:\USERS\CAIOG_000\DOCUMENTS\VISUAL STUDIO 2010\PROJECTS\T1MODULAR\DEBUG\T1MODULAR.EXE
C:\USERS\CAIOG_000\DOCUMENTS\VISUAL STUDIO 2010\PROJECTS\T1MODULAR\DEBUG\T1MODULAR.ILK
C:\USERS\CAIOG_000\DOCUMENTS\VISUAL STUDIO 2010\PROJECTS\T1MODULAR\DEBUG\T1MODULAR.PDB
C:\USERS\CAIOG_000\DOCUMENTS\VISUAL STUDIO 2010\PROJECTS\T1MODULAR\T1MODULAR\DEBUG\ARVORE.OBJ
c:\Users\caiog_000\documents\visual studio 2010\Projects\T1Modular\T1Modular\Debug\cl.command.1.tlog
c:\Users\caiog_000\documents\visual studio 2010\Projects\T1Modular\T1Modular\Debug\CL.read.1.tlog
c:\Users\caiog_000\documents\visual studio 2010\Projects\T1Modular\T1Modular\Debug\CL.write.1.tlog
c:\Users\caiog_000\documents\visual studio 2010\Projects\T1Modular\T1Modular\Debug\link.4860.read.1.tlog
c:\Users\caiog_000\documents\visual studio 2010\Projects\T1Modular\T1Modular\Debug\link.4860.write.1.tlog
c:\Users\caiog_000\documents\visual studio 2010\Projects\T1Modular\T1Modular\Debug\link.4860-cvtres.read.1.tlog
c:\Users\caiog_000\documents\visual studio 2010\Projects\T1Modular\T1Modular\Debug\link.4860-cvtres.write.1.tlog
c:\Users\caiog_000\documents\visual studio 2010\Projects\T1Modular\T1Modular\Debug\link.command.1.tlog
c:\Users\caiog_000\documents\visual studio 2010\Projects\T1Modular\T1Modular\Debug\link.read.1.tlog
c:\Users\caiog_000\documents\visual studio 2010\Projects\T1Modular\T1Modular\Debug\link.write.1.tlog
c:\Users\caiog_000\documents\visual studio 2010\Projects\T1Modular\T1Modular\Debug\link-cvtres.read.1.tlog
c:\Users\caiog_000\documents\visual studio 2010\Projects\T1Modular\T1Modular\Debug\link-cvtres.write.1.tlog
C:\USERS\CAIOG_000\DOCUMENTS\VISUAL STUDIO 2010\PROJECTS\T1MODULAR\T1MODULAR\DEBUG\LISTA.OBJ
c:\Users\caiog_000\documents\visual studio 2010\Projects\T1Modular\T1Modular\Debug\mt.command.1.tlog
c:\Users\caiog_000\documents\visual studio 2010\Projects\T1Modular\T1Modular\Debug\mt.read.1.tlog
c:\Users\caiog_000\documents\visual studio 2010\Projects\T1Modular\T1Modular\Debug\mt.write.1.tlog
c:\Users\caiog_000\documents\visual studio 2010\Projects\T1Modular\T1Modular\Debug\rc.command.1.tlog
c:\Users\caiog_000\documents\visual studio 2010\Projects\T1Modular\T1Modular\Debug\rc.read.1.tlog
c:\Users\caiog_000\documents\visual studio 2010\Projects\T1Modular\T1Modular\Debug\rc.write.1.tlog
C:\USERS\CAIOG_000\DOCUMENTS\VISUAL STUDIO 2010\PROJECTS\T1MODULAR\T1MODULAR\DEBUG\T1MODULAR.EXE.EMBED.MANIFEST
C:\USERS\CAIOG_000\DOCUMENTS\VISUAL STUDIO 2010\PROJECTS\T1MODULAR\T1MODULAR\DEBUG\T1MODULAR.EXE.EMBED.MANIFEST.RES
C:\USERS\CAIOG_000\DOCUMENTS\VISUAL STUDIO 2010\PROJECTS\T1MODULAR\T1MODULAR\DEBUG\T1MODULAR.EXE.INTERMEDIATE.MANIFEST
c:\Users\caiog_000\documents\visual studio 2010\Projects\T1Modular\T1Modular\Debug\T1Modular.vcxprojResolveAssemblyReference.cache
c:\Users\caiog_000\documents\visual studio 2010\Projects\T1Modular\T1Modular\Debug\T1Modular.write.1.tlog
c:\Users\caiog_000\documents\visual studio 2010\Projects\T1Modular\T1Modular\Debug\T1Modular_manifest.rc
C:\USERS\CAIOG_000\DOCUMENTS\VISUAL STUDIO 2010\PROJECTS\T1MODULAR\T1MODULAR\DEBUG\TESTARV.OBJ
c:\Users\caiog_000\documents\visual studio 2010\Projects\T1Modular\T1Modular\Debug\vc100.idb
C:\USERS\CAIOG_000\DOCUMENTS\VISUAL STUDIO 2010\PROJECTS\T1MODULAR\T1MODULAR\DEBUG\VC100.PDB
