Build started 02/04/2019 14:18:15.
     1>Project "C:\Users\caiog_000\Documents\Visual Studio 2010\Projects\T1Modular\T1Modular\T1Modular.vcxproj" on node 2 (build target(s)).
     1>InitializeBuildStatus:
         Creating "Debug\T1Modular.unsuccessfulbuild" because "AlwaysCreate" was specified.
       ClCompile:
         c:\Program Files (x86)\Microsoft Visual Studio 10.0\VC\bin\CL.exe /c /ZI /nologo /W3 /WX- /Od /Oy- /D WIN32 /D _DEBUG /D _CONSOLE /D _UNICODE /D UNICODE /Gm /EHsc /RTC1 /GS /fp:precise /Zc:wchar_t /Zc:forScope /Fo"Debug\\" /Fd"Debug\vc100.pdb" /Gd /TC /analyze- /errorReport:prompt ARVORE.C
         ARVORE.C
     1>c:\users\caiog_000\documents\visual studio 2010\projects\t1modular\t1modular\arvore.c(231): warning C4101: 'i' : unreferenced local variable
       ManifestResourceCompile:
         All outputs are up-to-date.
       Link:
         c:\Program Files (x86)\Microsoft Visual Studio 10.0\VC\bin\link.exe /ERRORREPORT:PROMPT /OUT:"C:\Users\caiog_000\Documents\Visual Studio 2010\Projects\T1Modular\Debug\T1Modular.exe" /INCREMENTAL /NOLOGO kernel32.lib user32.lib gdi32.lib winspool.lib comdlg32.lib advapi32.lib shell32.lib ole32.lib oleaut32.lib uuid.lib odbc32.lib odbccp32.lib /MANIFEST /ManifestFile:"Debug\T1Modular.exe.intermediate.manifest" /MANIFESTUAC:"level='asInvoker' uiAccess='false'" /DEBUG /PDB:"C:\Users\caiog_000\Documents\Visual Studio 2010\Projects\T1Modular\Debug\T1Modular.pdb" /SUBSYSTEM:CONSOLE /TLBID:1 /DYNAMICBASE /NXCOMPAT /IMPLIB:"C:\Users\caiog_000\Documents\Visual Studio 2010\Projects\T1Modular\Debug\T1Modular.lib" /MACHINE:X86 Debug\T1Modular.exe.embed.manifest.res
         Debug\ARVORE.obj
         Debug\LISTA.obj
         Debug\TESTARV.obj
         ..\..\..\..\..\..\..\ProgModular\Modular\arcaboucoteste_2_02\simples\ArcaboucoTeste.lib
       Manifest:
         C:\Program Files (x86)\Microsoft SDKs\Windows\v7.0A\bin\mt.exe /nologo /verbose /out:"Debug\T1Modular.exe.embed.manifest" /manifest Debug\T1Modular.exe.intermediate.manifest
         All outputs are up-to-date.
       LinkEmbedManifest:
         All outputs are up-to-date.
         T1Modular.vcxproj -> C:\Users\caiog_000\Documents\Visual Studio 2010\Projects\T1Modular\Debug\T1Modular.exe
       FinalizeBuildStatus:
         Deleting file "Debug\T1Modular.unsuccessfulbuild".
         Touching "Debug\T1Modular.lastbuildstate".
     1>Done Building Project "C:\Users\caiog_000\Documents\Visual Studio 2010\Projects\T1Modular\T1Modular\T1Modular.vcxproj" (build target(s)).

Build succeeded.

Time Elapsed 00:00:05.38
